<?xml version="1.0" encoding="UTF-8"?>
<!-- Generated by org.testng.reporters.JUnitXMLReporter -->
<testsuite ignored="0" hostname="DESKTOP-NO681DI" failures="0" tests="4" name="Opencart Test " time="59.168" errors="0" timestamp="2022-02-13T15:58:19 GMT">
  <testcase classname="testCases.TC_003_LoginDDT" name="test_LoginDDT" time="8.039"/>
  <testcase classname="testCases.TC_003_LoginDDT" name="test_LoginDDT" time="12.655"/>
  <testcase classname="testCases.TC_003_LoginDDT" name="test_LoginDDT" time="13.033"/>
  <testcase classname="testCases.TC_003_LoginDDT" name="test_LoginDDT" time="12.894"/>
</testsuite> <!-- Opencart Test  -->
