<?xml version="1.0" encoding="UTF-8"?>
<testng-results ignored="0" total="2" passed="2" failed="0" skipped="0">
  <reporter-output>
  </reporter-output>
  <suite started-at="2022-02-13T16:14:07 GMT" name="Opencart Test suite" finished-at="2022-02-13T16:14:39 GMT" duration-ms="31947">
    <groups>
      <group name="regression">
        <method signature="TC_001_AccountRegistration.test_account_registration()[pri:0, instance:testCases.TC_001_AccountRegistration@7fee8714]" name="test_account_registration" class="testCases.TC_001_AccountRegistration"/>
        <method signature="TC_002_Login.HomePage1()[pri:0, instance:testCases.TC_002_Login@6da21078]" name="HomePage1" class="testCases.TC_002_Login"/>
      </group> <!-- regression -->
      <group name="sanity">
        <method signature="TC_002_Login.HomePage1()[pri:0, instance:testCases.TC_002_Login@6da21078]" name="HomePage1" class="testCases.TC_002_Login"/>
      </group> <!-- sanity -->
      <group name="master">
        <method signature="TC_001_AccountRegistration.test_account_registration()[pri:0, instance:testCases.TC_001_AccountRegistration@7fee8714]" name="test_account_registration" class="testCases.TC_001_AccountRegistration"/>
        <method signature="TC_002_Login.HomePage1()[pri:0, instance:testCases.TC_002_Login@6da21078]" name="HomePage1" class="testCases.TC_002_Login"/>
      </group> <!-- master -->
    </groups>
    <test started-at="2022-02-13T16:14:07 GMT" name="Opencart Test" finished-at="2022-02-13T16:14:39 GMT" duration-ms="31947">
      <class name="testCases.TC_002_Login">
        <test-method is-config="true" signature="setup(java.lang.String)[pri:0, instance:testCases.TC_002_Login@6da21078]" started-at="2022-02-13T16:14:07 GMT" name="setup" finished-at="2022-02-13T16:14:14 GMT" duration-ms="6095" status="PASS">
          <params>
            <param index="0">
              <value>
                <![CDATA[chrome]]>
              </value>
            </param>
          </params>
          <reporter-output>
          </reporter-output>
        </test-method> <!-- setup -->
        <test-method signature="HomePage1()[pri:0, instance:testCases.TC_002_Login@6da21078]" started-at="2022-02-13T16:14:14 GMT" name="HomePage1" finished-at="2022-02-13T16:14:24 GMT" duration-ms="10272" status="PASS">
          <reporter-output>
          </reporter-output>
        </test-method> <!-- HomePage1 -->
      </class> <!-- testCases.TC_002_Login -->
      <class name="testCases.TC_001_AccountRegistration">
        <test-method is-config="true" signature="setup(java.lang.String)[pri:0, instance:testCases.TC_001_AccountRegistration@7fee8714]" started-at="2022-02-13T16:14:24 GMT" name="setup" finished-at="2022-02-13T16:14:28 GMT" duration-ms="4095" status="PASS">
          <params>
            <param index="0">
              <value>
                <![CDATA[chrome]]>
              </value>
            </param>
          </params>
          <reporter-output>
          </reporter-output>
        </test-method> <!-- setup -->
        <test-method signature="test_account_registration()[pri:0, instance:testCases.TC_001_AccountRegistration@7fee8714]" started-at="2022-02-13T16:14:28 GMT" name="test_account_registration" finished-at="2022-02-13T16:14:39 GMT" duration-ms="10863" status="PASS">
          <reporter-output>
          </reporter-output>
        </test-method> <!-- test_account_registration -->
      </class> <!-- testCases.TC_001_AccountRegistration -->
    </test> <!-- Opencart Test -->
  </suite> <!-- Opencart Test suite -->
</testng-results>
